<testsuites id="" name="" tests="10" failures="0" skipped="0" errors="0" time="14.502153">
<testsuite name="smoke.spec.ts" timestamp="2026-01-23T08:02:12.205Z" hostname="chromium" tests="10" failures="0" skipped="0" time="13.582" errors="0">
<testcase name="Smoke Tests - Application Health Check › homepage loads and displays branding" classname="smoke.spec.ts" time="0.737">
</testcase>
<testcase name="Smoke Tests - Application Health Check › homepage displays navigation elements" classname="smoke.spec.ts" time="0.736">
</testcase>
<testcase name="Smoke Tests - Application Health Check › homepage displays feature cards" classname="smoke.spec.ts" time="1.814">
</testcase>
<testcase name="Smoke Tests - Application Health Check › login page loads correctly" classname="smoke.spec.ts" time="3.931">
</testcase>
<testcase name="Smoke Tests - Application Health Check › signup page loads correctly" classname="smoke.spec.ts" time="1.593">
</testcase>
<testcase name="Smoke Tests - Application Health Check › unauthenticated user is redirected from dashboard" classname="smoke.spec.ts" time="0.464">
</testcase>
<testcase name="Smoke Tests - Application Health Check › unauthenticated user is redirected from workspaces" classname="smoke.spec.ts" time="0.58">
</testcase>
<testcase name="Smoke Tests - Application Health Check › static assets load without critical errors" classname="smoke.spec.ts" time="1.473">
</testcase>
<testcase name="Smoke Tests - Application Health Check › navigation from homepage to login works" classname="smoke.spec.ts" time="1.659">
</testcase>
<testcase name="Smoke Tests - Application Health Check › navigation from homepage to signup works" classname="smoke.spec.ts" time="0.595">
</testcase>
</testsuite>
</testsuites>